[ 50%] [32mBuilding CXX object CMakeFiles/node.dir/src/test_case.cpp.o[0m
[01m[K/root/workspace/src/test_set/src/test_case.cpp:[m[K In function â€˜[01m[Kint main(int, char**)[m[Kâ€™:
[01m[K/root/workspace/src/test_set/src/test_case.cpp:51:13:[m[K [01;31m[Kerror: [m[Kâ€˜[01m[Kusing AuxGlobalPosition = struct core_msgs::msg::AuxGlobalPosition_<std::allocator<void> >[m[Kâ€™ {aka â€˜[01m[Kstruct core_msgs::msg::AuxGlobalPosition_<std::allocator<void> >[m[Kâ€™} has no member named â€˜[01m[Kspeed[m[Kâ€™
   51 |     aux_msg.[01;31m[Kspeed[m[K = 0.0;
      |             [01;31m[K^~~~~[m[K
gmake[2]: *** [CMakeFiles/node.dir/build.make:76: CMakeFiles/node.dir/src/test_case.cpp.o] Error 1
gmake[1]: *** [CMakeFiles/Makefile2:137: CMakeFiles/node.dir/all] Error 2
gmake: *** [Makefile:146: all] Error 2
