[0.011s] Invoking command in '/root/workspace/build/core': CMAKE_PREFIX_PATH=${CMAKE_PREFIX_PATH}:/opt/ros/foxy /usr/bin/cmake --build /root/workspace/build/core -- -j20 -l20
[0.041s] [35m[1mScanning dependencies of target node[0m
[0.059s] [ 50%] [32mBuilding CXX object CMakeFiles/node.dir/src/offb_node.cpp.o[0m
[0.829s] [01m[K/root/workspace/src/core/src/offb_node.cpp:[m[K In member function â€˜[01m[Kvoid ControlNode::publish_takeoff(std_msgs::msg::Empty_<std::allocator<void> >::SharedPtr)[m[Kâ€™:
[0.829s] [01m[K/root/workspace/src/core/src/offb_node.cpp:79:57:[m[K [01;31m[Kerror: [m[Kno matching function for call to â€˜[01m[Kspin_until_future_complete(ControlNode&, std::shared_future<std::shared_ptr<px4_msgs::srv::VehicleCommand_Response_<std::allocator<void> > > >&)[m[Kâ€™
[0.829s]    79 |     if (rclcpp::spin_until_future_complete(*this, result[01;31m[K)[m[K == rclcpp::FutureReturnCode::SUCCESS)
[0.829s]       |                                                         [01;31m[K^[m[K
[0.830s] In file included from [01m[K/opt/ros/foxy/include/rclcpp/rclcpp.hpp:146[m[K,
[0.830s]                  from [01m[K/root/workspace/src/core/src/offb_node.cpp:2[m[K:
[0.830s] [01m[K/opt/ros/foxy/include/rclcpp/executors.hpp:105:1:[m[K [01;36m[Knote: [m[Kcandidate: â€˜[01m[Ktemplate<class FutureT, class TimeRepT, class TimeT> rclcpp::FutureReturnCode rclcpp::spin_until_future_complete(rclcpp::node_interfaces::NodeBaseInterface::SharedPtr, const std::shared_future<_Res>&, std::chrono::duration<_Rep, _Period>)[m[Kâ€™
[0.830s]   105 | [01;36m[Kspin_until_future_complete[m[K(
[0.830s]       | [01;36m[K^~~~~~~~~~~~~~~~~~~~~~~~~~[m[K
[0.830s] [01m[K/opt/ros/foxy/include/rclcpp/executors.hpp:105:1:[m[K [01;36m[Knote: [m[K  template argument deduction/substitution failed:
[0.830s] [01m[K/root/workspace/src/core/src/offb_node.cpp:79:44:[m[K [01;36m[Knote: [m[K  cannot convert â€˜[01m[K*(ControlNode*)this[m[Kâ€™ (type â€˜[01m[KControlNode[m[Kâ€™) to type â€˜[01m[Krclcpp::node_interfaces::NodeBaseInterface::SharedPtr[m[Kâ€™ {aka â€˜[01m[Kstd::shared_ptr<rclcpp::node_interfaces::NodeBaseInterface>[m[Kâ€™}
[0.830s]    79 |     if (rclcpp::spin_until_future_complete([01;36m[K*this[m[K, result) == rclcpp::FutureReturnCode::SUCCESS)
[0.830s]       |                                            [01;36m[K^~~~~[m[K
[0.830s] In file included from [01m[K/opt/ros/foxy/include/rclcpp/rclcpp.hpp:146[m[K,
[0.830s]                  from [01m[K/root/workspace/src/core/src/offb_node.cpp:2[m[K:
[0.830s] [01m[K/opt/ros/foxy/include/rclcpp/executors.hpp:117:1:[m[K [01;36m[Knote: [m[Kcandidate: â€˜[01m[Ktemplate<class NodeT, class FutureT, class TimeRepT, class TimeT> rclcpp::FutureReturnCode rclcpp::spin_until_future_complete(std::shared_ptr<_Tp>, const std::shared_future<ResponseT>&, std::chrono::duration<_Rep2, _Period2>)[m[Kâ€™
[0.830s]   117 | [01;36m[Kspin_until_future_complete[m[K(
[0.830s]       | [01;36m[K^~~~~~~~~~~~~~~~~~~~~~~~~~[m[K
[0.830s] [01m[K/opt/ros/foxy/include/rclcpp/executors.hpp:117:1:[m[K [01;36m[Knote: [m[K  template argument deduction/substitution failed:
[0.830s] [01m[K/root/workspace/src/core/src/offb_node.cpp:79:57:[m[K [01;36m[Knote: [m[K  â€˜[01m[KControlNode[m[Kâ€™ is not derived from â€˜[01m[Kstd::shared_ptr<_Tp>[m[Kâ€™
[0.831s]    79 |     if (rclcpp::spin_until_future_complete(*this, result[01;36m[K)[m[K == rclcpp::FutureReturnCode::SUCCESS)
[0.831s]       |                                                         [01;36m[K^[m[K
[1.805s] make[2]: *** [CMakeFiles/node.dir/build.make:63: CMakeFiles/node.dir/src/offb_node.cpp.o] Error 1
[1.805s] make[1]: *** [CMakeFiles/Makefile2:78: CMakeFiles/node.dir/all] Error 2
[1.805s] make: *** [Makefile:141: all] Error 2
[1.807s] Invoked command in '/root/workspace/build/core' returned '2': CMAKE_PREFIX_PATH=${CMAKE_PREFIX_PATH}:/opt/ros/foxy /usr/bin/cmake --build /root/workspace/build/core -- -j20 -l20
