[0.004s] Invoking command in '/root/workspace/build/core': AMENT_PREFIX_PATH=/root/workspace/install/core_msgs:${AMENT_PREFIX_PATH} CMAKE_PREFIX_PATH=/root/workspace/install/core_msgs:/root/microros_ws/install/px4_ros_com:/root/microros_ws/install/px4_msgs:/root/microros_ws/install/micro_ros_setup:/root/microros_ws/install/micro_ros_agent:/root/microros_ws/install/micro_ros_msgs:/opt/ros/humble LD_LIBRARY_PATH=/root/workspace/install/core_msgs/lib:${LD_LIBRARY_PATH} PYTHONPATH=/root/workspace/install/core_msgs/local/lib/python3.10/dist-packages:${PYTHONPATH} /usr/bin/cmake --build /root/workspace/build/core -- -j20 -l20
[0.023s] [35m[1mConsolidate compiler generated dependencies of target node[0m
[0.030s] [ 50%] [32mBuilding CXX object CMakeFiles/node.dir/src/offb_node.cpp.o[0m
[1.415s] [01m[K/root/workspace/src/core/src/offb_node.cpp:[m[K In member function â€˜[01m[Kvoid ControlNode::aux_global(core_msgs::msg::AuxGlobalPosition_<std::allocator<void> >::SharedPtr)[m[Kâ€™:
[1.415s] [01m[K/root/workspace/src/core/src/offb_node.cpp:257:31:[m[K [01;31m[Kerror: [m[Kno matching function for call to â€˜[01m[Katan(core_msgs::msg::AuxGlobalPosition_<std::allocator<void> >::_lon_type, core_msgs::msg::AuxGlobalPosition_<std::allocator<void> >::_lat_type)[m[Kâ€™
[1.415s]   257 |     float base_yaw = [01;31m[Kstd::atan(global_pos[2] - msg -> lon, global_pos[1] - msg -> lat)[m[K;
[1.415s]       |                      [01;31m[K~~~~~~~~~^~~~~~~~~~~~~~~~~~~~~~~~~~~~~~~~~~~~~~~~~~~~~~~~~~~~~~~~[m[K
[1.415s] In file included from [01m[K/root/workspace/src/core/src/offb_node.cpp:2[m[K:
[1.415s] [01m[K/usr/include/c++/11/cmath:137:5:[m[K [01;36m[Knote: [m[Kcandidate: â€˜[01m[Ktemplate<class _Tp> constexpr typename __gnu_cxx::__enable_if<std::__is_integer<_Tp>::__value, double>::__type std::atan(_Tp)[m[Kâ€™
[1.415s]   137 |     [01;36m[Katan[m[K(_Tp __x)
[1.415s]       |     [01;36m[K^~~~[m[K
[1.415s] [01m[K/usr/include/c++/11/cmath:137:5:[m[K [01;36m[Knote: [m[K  template argument deduction/substitution failed:
[1.415s] [01m[K/root/workspace/src/core/src/offb_node.cpp:257:31:[m[K [01;36m[Knote: [m[K  candidate expects 1 argument, 2 provided
[1.416s]   257 |     float base_yaw = [01;36m[Kstd::atan(global_pos[2] - msg -> lon, global_pos[1] - msg -> lat)[m[K;
[1.416s]       |                      [01;36m[K~~~~~~~~~^~~~~~~~~~~~~~~~~~~~~~~~~~~~~~~~~~~~~~~~~~~~~~~~~~~~~~~~[m[K
[1.416s] In file included from [01m[K/usr/include/features.h:486[m[K,
[1.416s]                  from [01m[K/usr/include/x86_64-linux-gnu/c++/11/bits/os_defines.h:39[m[K,
[1.416s]                  from [01m[K/usr/include/x86_64-linux-gnu/c++/11/bits/c++config.h:586[m[K,
[1.416s]                  from [01m[K/usr/include/c++/11/cmath:41[m[K,
[1.416s]                  from [01m[K/root/workspace/src/core/src/offb_node.cpp:2[m[K:
[1.416s] [01m[K/usr/include/x86_64-linux-gnu/bits/mathcalls.h:57:1:[m[K [01;36m[Knote: [m[Kcandidate: â€˜[01m[Kdouble atan(double)[m[Kâ€™
[1.416s]    57 | [01;36m[K__MATHCALL_VEC[m[K (atan,, (_Mdouble_ __x));
[1.416s]       | [01;36m[K^~~~~~~~~~~~~~[m[K
[1.416s] [01m[K/usr/include/x86_64-linux-gnu/bits/mathcalls.h:57:1:[m[K [01;36m[Knote: [m[K  candidate expects 1 argument, 2 provided
[1.416s] In file included from [01m[K/root/workspace/src/core/src/offb_node.cpp:2[m[K:
[1.416s] [01m[K/usr/include/c++/11/cmath:125:3:[m[K [01;36m[Knote: [m[Kcandidate: â€˜[01m[Kconstexpr float std::atan(float)[m[Kâ€™
[1.416s]   125 |   [01;36m[Katan[m[K(float __x)
[1.416s]       |   [01;36m[K^~~~[m[K
[1.416s] [01m[K/usr/include/c++/11/cmath:125:3:[m[K [01;36m[Knote: [m[K  candidate expects 1 argument, 2 provided
[1.416s] [01m[K/usr/include/c++/11/cmath:129:3:[m[K [01;36m[Knote: [m[Kcandidate: â€˜[01m[Kconstexpr long double std::atan(long double)[m[Kâ€™
[1.416s]   129 |   [01;36m[Katan[m[K(long double __x)
[1.416s]       |   [01;36m[K^~~~[m[K
[1.416s] [01m[K/usr/include/c++/11/cmath:129:3:[m[K [01;36m[Knote: [m[K  candidate expects 1 argument, 2 provided
[6.878s] gmake[2]: *** [CMakeFiles/node.dir/build.make:76: CMakeFiles/node.dir/src/offb_node.cpp.o] Error 1
[6.878s] gmake[1]: *** [CMakeFiles/Makefile2:137: CMakeFiles/node.dir/all] Error 2
[6.878s] gmake: *** [Makefile:146: all] Error 2
[6.879s] Invoked command in '/root/workspace/build/core' returned '2': AMENT_PREFIX_PATH=/root/workspace/install/core_msgs:${AMENT_PREFIX_PATH} CMAKE_PREFIX_PATH=/root/workspace/install/core_msgs:/root/microros_ws/install/px4_ros_com:/root/microros_ws/install/px4_msgs:/root/microros_ws/install/micro_ros_setup:/root/microros_ws/install/micro_ros_agent:/root/microros_ws/install/micro_ros_msgs:/opt/ros/humble LD_LIBRARY_PATH=/root/workspace/install/core_msgs/lib:${LD_LIBRARY_PATH} PYTHONPATH=/root/workspace/install/core_msgs/local/lib/python3.10/dist-packages:${PYTHONPATH} /usr/bin/cmake --build /root/workspace/build/core -- -j20 -l20
