[0.004s] Invoking command in '/root/workspace/build/core': AMENT_PREFIX_PATH=/root/workspace/install/core_msgs:${AMENT_PREFIX_PATH} CMAKE_PREFIX_PATH=/root/workspace/install/core_msgs:/root/microros_ws/install/px4_ros_com:/root/microros_ws/install/px4_msgs:/root/microros_ws/install/micro_ros_setup:/root/microros_ws/install/micro_ros_agent:/root/microros_ws/install/micro_ros_msgs:/opt/ros/humble LD_LIBRARY_PATH=/root/workspace/install/core_msgs/lib:${LD_LIBRARY_PATH} PYTHONPATH=/root/workspace/install/core_msgs/local/lib/python3.10/dist-packages:${PYTHONPATH} /usr/bin/cmake --build /root/workspace/build/core -- -j20 -l20
[0.029s] [ 50%] [32mBuilding CXX object CMakeFiles/node.dir/src/offb_node.cpp.o[0m
[1.446s] [01m[K/root/workspace/src/core/src/offb_node.cpp:[m[K In member function â€˜[01m[Kvoid ControlNode::aux_global(core_msgs::msg::AuxGlobalPosition_<std::allocator<void> >::SharedPtr)[m[Kâ€™:
[1.446s] [01m[K/root/workspace/src/core/src/offb_node.cpp:250:25:[m[K [01;31m[Kerror: [m[Kâ€˜[01m[Kusing element_type = struct core_msgs::msg::AuxGlobalPosition_<std::allocator<void> >[m[Kâ€™ {aka â€˜[01m[Kstruct core_msgs::msg::AuxGlobalPosition_<std::allocator<void> >[m[Kâ€™} has no member named â€˜[01m[Kspeed[m[Kâ€™
[1.446s]   250 |     tmp.param2 = msg -> [01;31m[Kspeed[m[K;
[1.446s]       |                         [01;31m[K^~~~~[m[K
[7.396s] gmake[2]: *** [CMakeFiles/node.dir/build.make:76: CMakeFiles/node.dir/src/offb_node.cpp.o] Error 1
[7.396s] gmake[1]: *** [CMakeFiles/Makefile2:137: CMakeFiles/node.dir/all] Error 2
[7.396s] gmake: *** [Makefile:146: all] Error 2
