[0.008s] Invoking command in '/root/workspace/build/core': CMAKE_PREFIX_PATH=${CMAKE_PREFIX_PATH}:/opt/ros/foxy /usr/bin/cmake --build /root/workspace/build/core -- -j20 -l20
[0.034s] [35m[1mScanning dependencies of target node[0m
[0.053s] [ 50%] [32mBuilding CXX object CMakeFiles/node.dir/src/offb_node.cpp.o[0m
[0.708s] [01m[K/root/workspace/src/core/src/offb_node.cpp:[m[K In function â€˜[01m[Kvoid publish_offboard_control()[m[Kâ€™:
[0.708s] [01m[K/root/workspace/src/core/src/offb_node.cpp:190:21:[m[K [01;31m[Kerror: [m[Kinvalid use of â€˜[01m[Kthis[m[Kâ€™ in non-member function
[0.708s]   190 |     msg.timestamp = [01;31m[Kthis[m[K -> get_clock() -> now().nanoseconds() / 1000;
[0.708s]       |                     [01;31m[K^~~~[m[K
[0.710s] [01m[K/root/workspace/src/core/src/offb_node.cpp:191:5:[m[K [01;31m[Kerror: [m[Kâ€˜[01m[Koffboard_controller[m[Kâ€™ was not declared in this scope
[0.710s]   191 |     [01;31m[Koffboard_controller[m[K -> publish(msg);
[0.710s]       |     [01;31m[K^~~~~~~~~~~~~~~~~~~[m[K
[2.608s] make[2]: *** [CMakeFiles/node.dir/build.make:63: CMakeFiles/node.dir/src/offb_node.cpp.o] Error 1
[2.608s] make[1]: *** [CMakeFiles/Makefile2:78: CMakeFiles/node.dir/all] Error 2
[2.608s] make: *** [Makefile:141: all] Error 2
[2.610s] Invoked command in '/root/workspace/build/core' returned '2': CMAKE_PREFIX_PATH=${CMAKE_PREFIX_PATH}:/opt/ros/foxy /usr/bin/cmake --build /root/workspace/build/core -- -j20 -l20
