[0.004s] Invoking command in '/root/workspace/build/core': AMENT_PREFIX_PATH=/root/workspace/install/core_msgs:${AMENT_PREFIX_PATH} CMAKE_PREFIX_PATH=/root/workspace/install/core_msgs:/root/microros_ws/install/px4_ros_com:/root/microros_ws/install/px4_msgs:/root/microros_ws/install/micro_ros_setup:/root/microros_ws/install/micro_ros_agent:/root/microros_ws/install/micro_ros_msgs:/opt/ros/humble LD_LIBRARY_PATH=/root/workspace/install/core_msgs/lib:${LD_LIBRARY_PATH} PYTHONPATH=/root/workspace/install/core_msgs/local/lib/python3.10/dist-packages:${PYTHONPATH} /usr/bin/cmake --build /root/workspace/build/core -- -j20 -l20
[0.022s] [35m[1mConsolidate compiler generated dependencies of target node[0m
[0.030s] [ 50%] [32mBuilding CXX object CMakeFiles/node.dir/src/offb_node.cpp.o[0m
[1.442s] [01m[K/root/workspace/src/core/src/offb_node.cpp:[m[K In member function â€˜[01m[Kvoid ControlNode::set_attitude(geometry_msgs::msg::Twist_<std::allocator<void> >::SharedPtr)[m[Kâ€™:
[1.442s] [01m[K/root/workspace/src/core/src/offb_node.cpp:285:44:[m[K [01;31m[Kerror: [m[Kno match for call to â€˜[01m[K(PID) (std::array<float, 3>::value_type&, const float&)[m[Kâ€™
[1.442s]   285 |     tmp.thrust_body = {0,0, [01;31m[Kattitude_thrust(global_pos[3],stable_alt)[m[K};
[1.442s]       |                             [01;31m[K~~~~~~~~~~~~~~~^~~~~~~~~~~~~~~~~~~~~~~~~~[m[K
[1.443s] [01m[K/root/workspace/src/core/src/offb_node.cpp:285:70:[m[K [01;31m[Kerror: [m[Kno match for â€˜[01m[Koperator=[m[Kâ€™ (operand types are â€˜[01m[Kpx4_msgs::msg::VehicleAttitudeSetpoint_<std::allocator<void> >::_thrust_body_type[m[Kâ€™ {aka â€˜[01m[Kstd::array<float, 3>[m[Kâ€™} and â€˜[01m[K<brace-enclosed initializer list>[m[Kâ€™)
[1.443s]   285 |     tmp.thrust_body = {0,0, attitude_thrust(global_pos[3],stable_alt)[01;31m[K}[m[K;
[1.443s]       |                                                                      [01;31m[K^[m[K
[1.443s] In file included from [01m[K/usr/include/c++/11/tuple:39[m[K,
[1.443s]                  from [01m[K/usr/include/c++/11/bits/unique_ptr.h:37[m[K,
[1.443s]                  from [01m[K/usr/include/c++/11/memory:76[m[K,
[1.443s]                  from [01m[K/opt/ros/humble/include/rclcpp/rclcpp/rclcpp.hpp:153[m[K,
[1.443s]                  from [01m[K/root/workspace/src/core/src/offb_node.cpp:5[m[K:
[1.443s] [01m[K/usr/include/c++/11/array:95:12:[m[K [01;36m[Knote: [m[Kcandidate: â€˜[01m[Kconstexpr std::array<float, 3>& std::array<float, 3>::operator=(const std::array<float, 3>&)[m[Kâ€™
[1.443s]    95 |     struct [01;36m[Karray[m[K
[1.443s]       |            [01;36m[K^~~~~[m[K
[1.443s] [01m[K/usr/include/c++/11/array:95:12:[m[K [01;36m[Knote: [m[K  no known conversion for argument 1 from â€˜[01m[K<brace-enclosed initializer list>[m[Kâ€™ to â€˜[01m[Kconst std::array<float, 3>&[m[Kâ€™
[1.443s] [01m[K/usr/include/c++/11/array:95:12:[m[K [01;36m[Knote: [m[Kcandidate: â€˜[01m[Kconstexpr std::array<float, 3>& std::array<float, 3>::operator=(std::array<float, 3>&&)[m[Kâ€™
[1.443s] [01m[K/usr/include/c++/11/array:95:12:[m[K [01;36m[Knote: [m[K  no known conversion for argument 1 from â€˜[01m[K<brace-enclosed initializer list>[m[Kâ€™ to â€˜[01m[Kstd::array<float, 3>&&[m[Kâ€™
[1.443s] [01m[K/root/workspace/src/core/src/offb_node.cpp:280:11:[m[K [01;35m[Kwarning: [m[Kunused variable â€˜[01m[Kmod[m[Kâ€™ [[01;35m[K]8;;https://gcc.gnu.org/onlinedocs/gcc/Warning-Options.html#index-Wunused-variable-Wunused-variable]8;;[m[K]
[1.444s]   280 |     float [01;35m[Kmod[m[K = sqrt(pow(msg -> linear.x,2) + pow(msg -> linear.y,2) + pow(msg -> linear.z,2));
[1.444s]       |           [01;35m[K^~~[m[K
[7.311s] gmake[2]: *** [CMakeFiles/node.dir/build.make:76: CMakeFiles/node.dir/src/offb_node.cpp.o] Error 1
[7.312s] gmake[1]: *** [CMakeFiles/Makefile2:137: CMakeFiles/node.dir/all] Error 2
[7.312s] gmake: *** [Makefile:146: all] Error 2
[7.313s] Invoked command in '/root/workspace/build/core' returned '2': AMENT_PREFIX_PATH=/root/workspace/install/core_msgs:${AMENT_PREFIX_PATH} CMAKE_PREFIX_PATH=/root/workspace/install/core_msgs:/root/microros_ws/install/px4_ros_com:/root/microros_ws/install/px4_msgs:/root/microros_ws/install/micro_ros_setup:/root/microros_ws/install/micro_ros_agent:/root/microros_ws/install/micro_ros_msgs:/opt/ros/humble LD_LIBRARY_PATH=/root/workspace/install/core_msgs/lib:${LD_LIBRARY_PATH} PYTHONPATH=/root/workspace/install/core_msgs/local/lib/python3.10/dist-packages:${PYTHONPATH} /usr/bin/cmake --build /root/workspace/build/core -- -j20 -l20
