[0.005s] Invoking command in '/root/workspace/build/core': AMENT_PREFIX_PATH=/root/workspace/install/core_msgs:${AMENT_PREFIX_PATH} CMAKE_PREFIX_PATH=/root/workspace/install/core_msgs:/root/microros_ws/install/px4_ros_com:/root/microros_ws/install/px4_msgs:/root/microros_ws/install/micro_ros_setup:/root/microros_ws/install/micro_ros_agent:/root/microros_ws/install/micro_ros_msgs:/opt/ros/humble LD_LIBRARY_PATH=/root/workspace/install/core_msgs/lib:${LD_LIBRARY_PATH} PYTHONPATH=/root/workspace/install/core_msgs/local/lib/python3.10/dist-packages:${PYTHONPATH} /usr/bin/cmake --build /root/workspace/build/core -- -j20 -l20
[0.028s] [ 50%] [32mBuilding CXX object CMakeFiles/node.dir/src/offb_node.cpp.o[0m
[1.434s] [01m[K/root/workspace/src/core/src/offb_node.cpp:[m[K In member function â€˜[01m[Kvoid ControlNode::aux_global(core_msgs::msg::AuxGlobalPosition_<std::allocator<void> >::SharedPtr)[m[Kâ€™:
[1.434s] [01m[K/root/workspace/src/core/src/offb_node.cpp:273:31:[m[K [01;31m[Kerror: [m[Ktoo few arguments to function â€˜[01m[Kdouble nan(const char*)[m[Kâ€™
[1.434s]   273 |     tmp.terrain_alt = [01;31m[Kstd::nan()[m[K;
[1.434s]       |                       [01;31m[K~~~~~~~~^~[m[K
[1.435s] In file included from [01m[K/usr/include/features.h:486[m[K,
[1.435s]                  from [01m[K/usr/include/x86_64-linux-gnu/c++/11/bits/os_defines.h:39[m[K,
[1.435s]                  from [01m[K/usr/include/x86_64-linux-gnu/c++/11/bits/c++config.h:586[m[K,
[1.435s]                  from [01m[K/usr/include/c++/11/cmath:41[m[K,
[1.435s]                  from [01m[K/root/workspace/src/core/src/offb_node.cpp:2[m[K:
[1.435s] [01m[K/usr/include/x86_64-linux-gnu/bits/mathcalls.h:203:1:[m[K [01;36m[Knote: [m[Kdeclared here
[1.435s]   203 | [01;36m[K__MATHCALL[m[K (nan,, (const char *__tagb));
[1.435s]       | [01;36m[K^~~~~~~~~~[m[K
[7.293s] gmake[2]: *** [CMakeFiles/node.dir/build.make:76: CMakeFiles/node.dir/src/offb_node.cpp.o] Error 1
[7.293s] gmake[1]: *** [CMakeFiles/Makefile2:137: CMakeFiles/node.dir/all] Error 2
[7.293s] gmake: *** [Makefile:146: all] Error 2
[7.294s] Invoked command in '/root/workspace/build/core' returned '2': AMENT_PREFIX_PATH=/root/workspace/install/core_msgs:${AMENT_PREFIX_PATH} CMAKE_PREFIX_PATH=/root/workspace/install/core_msgs:/root/microros_ws/install/px4_ros_com:/root/microros_ws/install/px4_msgs:/root/microros_ws/install/micro_ros_setup:/root/microros_ws/install/micro_ros_agent:/root/microros_ws/install/micro_ros_msgs:/opt/ros/humble LD_LIBRARY_PATH=/root/workspace/install/core_msgs/lib:${LD_LIBRARY_PATH} PYTHONPATH=/root/workspace/install/core_msgs/local/lib/python3.10/dist-packages:${PYTHONPATH} /usr/bin/cmake --build /root/workspace/build/core -- -j20 -l20
