[35m[1mConsolidate compiler generated dependencies of target node[0m
[ 50%] [32mBuilding CXX object CMakeFiles/node.dir/src/core_node.cpp.o[0m
[01m[K/root/workspace/src/core/src/core_node.cpp:[m[K In member function â€˜[01m[Kvoid ControlNode::status_checker(px4_msgs::msg::VehicleStatus_<std::allocator<void> >::SharedPtr)[m[Kâ€™:
[01m[K/root/workspace/src/core/src/core_node.cpp:323:34:[m[K [01;31m[Kerror: [m[Kexpected â€˜[01m[K;[m[Kâ€™ before â€˜[01m[K}[m[Kâ€™ token
  323 |     status_writer -> publish(tmp)
      |                                  [01;31m[K^[m[K
      |                                  [32m[K;[m[K
  324 | [32m[K}[m[K
      | [32m[K~[m[K                                 
gmake[2]: *** [CMakeFiles/node.dir/build.make:76: CMakeFiles/node.dir/src/core_node.cpp.o] Error 1
gmake[1]: *** [CMakeFiles/Makefile2:137: CMakeFiles/node.dir/all] Error 2
gmake: *** [Makefile:146: all] Error 2
