-- The C compiler identification is GNU 9.4.0
-- The CXX compiler identification is GNU 9.4.0
-- Check for working C compiler: /usr/bin/cc
-- Check for working C compiler: /usr/bin/cc -- works
-- Detecting C compiler ABI info
-- Detecting C compiler ABI info - done
-- Detecting C compile features
-- Detecting C compile features - done
-- Check for working CXX compiler: /usr/bin/c++
-- Check for working CXX compiler: /usr/bin/c++ -- works
-- Detecting CXX compiler ABI info
-- Detecting CXX compiler ABI info - done
-- Detecting CXX compile features
-- Detecting CXX compile features - done
-- Found ament_cmake: 0.9.12 (/opt/ros/foxy/share/ament_cmake/cmake)
-- Found PythonInterp: /usr/bin/python3 (found suitable version "3.8.10", minimum required is "3") 
-- Using PYTHON_EXECUTABLE: /usr/bin/python3
-- Found rclcpp: 2.4.3 (/opt/ros/foxy/share/rclcpp/cmake)
-- Using all available rosidl_typesupport_c: rosidl_typesupport_fastrtps_c;rosidl_typesupport_introspection_c
-- Found rosidl_adapter: 1.3.1 (/opt/ros/foxy/share/rosidl_adapter/cmake)
-- Found OpenSSL: /usr/lib/x86_64-linux-gnu/libcrypto.so (found version "1.1.1f")  
-- Found FastRTPS: /opt/ros/foxy/include  
-- Using all available rosidl_typesupport_cpp: rosidl_typesupport_fastrtps_cpp;rosidl_typesupport_introspection_cpp
-- Found rmw_implementation_cmake: 1.0.4 (/opt/ros/foxy/share/rmw_implementation_cmake/cmake)
-- Using RMW implementation 'rmw_fastrtps_cpp' as default
-- Looking for pthread.h
-- Looking for pthread.h - found
-- Performing Test CMAKE_HAVE_LIBC_PTHREAD
-- Performing Test CMAKE_HAVE_LIBC_PTHREAD - Failed
-- Looking for pthread_create in pthreads
-- Looking for pthread_create in pthreads - not found
-- Looking for pthread_create in pthread
-- Looking for pthread_create in pthread - found
-- Found Threads: TRUE  
-- Found px4_msgs: 2.0.1 (/root/microros_ws/install/px4_msgs/share/px4_msgs/cmake)
-- Found ament_lint_auto: 0.9.8 (/opt/ros/foxy/share/ament_lint_auto/cmake)
-- Added test 'copyright' to check source files copyright and LICENSE
-- Added test 'cppcheck' to perform static code analysis on C / C++ code
-- Configured cppcheck include dirs: 
-- Configured cppcheck exclude dirs and/or files: 
-- Added test 'cpplint' to check C / C++ code against the Google style
-- Configured cpplint exclude dirs and/or files: 
-- Added test 'lint_cmake' to check CMake code style
-- Added test 'uncrustify' to check C / C++ code style
-- Configured uncrustify additional arguments: 
-- Added test 'xmllint' to check XML markup files
-- Configuring done
-- Generating done
-- Build files have been written to: /root/workspace/build/core
[35m[1mScanning dependencies of target node[0m
[ 50%] [32mBuilding CXX object CMakeFiles/node.dir/src/offb_node.cpp.o[0m
[01m[K/root/workspace/src/core/src/offb_node.cpp:[m[K In constructor â€˜[01m[KControlNode::ControlNode()[m[Kâ€™:
[01m[K/root/workspace/src/core/src/offb_node.cpp:24:22:[m[K [01;31m[Kerror: [m[Kâ€˜[01m[Knode[m[Kâ€™ was not declared in this scope; did you mean â€˜[01m[KNode[m[Kâ€™?
   24 |         takeoff_cl = [01;31m[Knode[m[K -> create_client<px4_msgs::srv::VehicleCommand>("/fmu/vehicle_command");
      |                      [01;31m[K^~~~[m[K
      |                      [32m[KNode[m[K
[01m[K/root/workspace/src/core/src/offb_node.cpp:24:73:[m[K [01;31m[Kerror: [m[Kexpected primary-expression before â€˜[01m[K>[m[Kâ€™ token
   24 |         takeoff_cl = node -> create_client<px4_msgs::srv::VehicleCommand[01;31m[K>[m[K("/fmu/vehicle_command");
      |                                                                         [01;31m[K^[m[K
[01m[K/root/workspace/src/core/src/offb_node.cpp:27:97:[m[K [01;31m[Kerror: [m[Kexpected primary-expression before â€˜[01m[K>[m[Kâ€™ token
   27 | _position_check = node -> create_subscription<px4_msgs::msg::VehicleGlobalPosition[01;31m[K>[m[K("/fmu/out/vehicle_global_position",qos,
      |                                                                                   [01;31m[K^[m[K

[01m[K/root/workspace/src/core/src/offb_node.cpp:27:99:[m[K [01;35m[Kwarning: [m[Kleft operand of comma operator has no effect [[01;35m[K-Wunused-value[m[K]
   27 | osition_check = node -> create_subscription<px4_msgs::msg::VehicleGlobalPosition>([01;35m[K"/fmu/out/vehicle_global_position"[m[K,qos,
      |                                                                                   [01;35m[K^~~~~~~~~~~~~~~~~~~~~~~~~~~~~~~~~~[m[K

[01m[K/root/workspace/src/core/src/offb_node.cpp:28:19:[m[K [01;31m[Kerror: [m[Kno matching function for call to â€˜[01m[Kbind()[m[Kâ€™
   28 |         std::bind([01;31m[K)[m[K);
      |                   [01;31m[K^[m[K
In file included from [01m[K/opt/ros/foxy/include/rclcpp/context.hpp:19[m[K,
                 from [01m[K/opt/ros/foxy/include/rclcpp/contexts/default_context.hpp:18[m[K,
                 from [01m[K/opt/ros/foxy/include/rclcpp/executor.hpp:32[m[K,
                 from [01m[K/opt/ros/foxy/include/rclcpp/executors/multi_threaded_executor.hpp:26[m[K,
                 from [01m[K/opt/ros/foxy/include/rclcpp/executors.hpp:21[m[K,
                 from [01m[K/opt/ros/foxy/include/rclcpp/rclcpp.hpp:146[m[K,
                 from [01m[K/root/workspace/src/core/src/offb_node.cpp:2[m[K:
[01m[K/usr/include/c++/9/functional:808:5:[m[K [01;36m[Knote: [m[Kcandidate: â€˜[01m[Ktemplate<class _Func, class ... _BoundArgs> typename std::_Bind_helper<std::__is_socketlike<_Func>::value, _Func, _BoundArgs ...>::type std::bind(_Func&&, _BoundArgs&& ...)[m[Kâ€™
  808 |     [01;36m[Kbind[m[K(_Func&& __f, _BoundArgs&&... __args)
      |     [01;36m[K^~~~[m[K
[01m[K/usr/include/c++/9/functional:808:5:[m[K [01;36m[Knote: [m[K  template argument deduction/substitution failed:
[01m[K/root/workspace/src/core/src/offb_node.cpp:28:19:[m[K [01;36m[Knote: [m[K  candidate expects at least 1 argument, 0 provided
   28 |         std::bind([01;36m[K)[m[K);
      |                   [01;36m[K^[m[K
In file included from [01m[K/opt/ros/foxy/include/rclcpp/context.hpp:19[m[K,
                 from [01m[K/opt/ros/foxy/include/rclcpp/contexts/default_context.hpp:18[m[K,
                 from [01m[K/opt/ros/foxy/include/rclcpp/executor.hpp:32[m[K,
                 from [01m[K/opt/ros/foxy/include/rclcpp/executors/multi_threaded_executor.hpp:26[m[K,
                 from [01m[K/opt/ros/foxy/include/rclcpp/executors.hpp:21[m[K,
                 from [01m[K/opt/ros/foxy/include/rclcpp/rclcpp.hpp:146[m[K,
                 from [01m[K/root/workspace/src/core/src/offb_node.cpp:2[m[K:
[01m[K/usr/include/c++/9/functional:832:5:[m[K [01;36m[Knote: [m[Kcandidate: â€˜[01m[Ktemplate<class _Result, class _Func, class ... _BoundArgs> typename std::_Bindres_helper<_Result, _Func, _BoundArgs>::type std::bind(_Func&&, _BoundArgs&& ...)[m[Kâ€™
  832 |     [01;36m[Kbind[m[K(_Func&& __f, _BoundArgs&&... __args)
      |     [01;36m[K^~~~[m[K
[01m[K/usr/include/c++/9/functional:832:5:[m[K [01;36m[Knote: [m[K  template argument deduction/substitution failed:
[01m[K/root/workspace/src/core/src/offb_node.cpp:28:19:[m[K [01;36m[Knote: [m[K  candidate expects at least 1 argument, 0 provided
   28 |         std::bind([01;36m[K)[m[K);
      |                   [01;36m[K^[m[K
[01m[K/root/workspace/src/core/src/offb_node.cpp:29:71:[m[K [01;31m[Kerror: [m[Kexpected primary-expression before â€˜[01m[K>[m[Kâ€™ token
   29 |         takeoff_srv = node -> create_subscription<std_msgs::msg::Empty[01;31m[K>[m[K("/ddscore/takeoff",qos, );
      |                                                                       [01;31m[K^[m[K
[01m[K/root/workspace/src/core/src/offb_node.cpp:29:73:[m[K [01;35m[Kwarning: [m[Kleft operand of comma operator has no effect [[01;35m[K-Wunused-value[m[K]
   29 |         takeoff_srv = node -> create_subscription<std_msgs::msg::Empty>([01;35m[K"/ddscore/takeoff"[m[K,qos, );
      |                                                                         [01;35m[K^~~~~~~~~~~~~~~~~~[m[K
[01m[K/root/workspace/src/core/src/offb_node.cpp:29:97:[m[K [01;31m[Kerror: [m[Kexpected primary-expression before â€˜[01m[K)[m[Kâ€™ token
   29 |         takeoff_srv = node -> create_subscription<std_msgs::msg::Empty>("/ddscore/takeoff",qos, [01;31m[K)[m[K;
      |                                                                                                 [01;31m[K^[m[K
make[2]: *** [CMakeFiles/node.dir/build.make:63: CMakeFiles/node.dir/src/offb_node.cpp.o] Error 1
make[1]: *** [CMakeFiles/Makefile2:78: CMakeFiles/node.dir/all] Error 2
make: *** [Makefile:141: all] Error 2
