[0.008s] Invoking command in '/root/workspace/build/core': CMAKE_PREFIX_PATH=${CMAKE_PREFIX_PATH}:/opt/ros/foxy /usr/bin/cmake /root/workspace/src/core -DCMAKE_INSTALL_PREFIX=/root/workspace/install/core
[0.036s] -- The C compiler identification is GNU 9.4.0
[0.066s] -- The CXX compiler identification is GNU 9.4.0
[0.069s] -- Check for working C compiler: /usr/bin/cc
[0.131s] -- Check for working C compiler: /usr/bin/cc -- works
[0.132s] -- Detecting C compiler ABI info
[0.225s] -- Detecting C compiler ABI info - done
[0.232s] -- Detecting C compile features
[0.232s] -- Detecting C compile features - done
[0.234s] -- Check for working CXX compiler: /usr/bin/c++
[0.305s] -- Check for working CXX compiler: /usr/bin/c++ -- works
[0.305s] -- Detecting CXX compiler ABI info
[0.362s] -- Detecting CXX compiler ABI info - done
[0.377s] -- Detecting CXX compile features
[0.377s] -- Detecting CXX compile features - done
[0.380s] -- Found ament_cmake: 0.9.12 (/opt/ros/foxy/share/ament_cmake/cmake)
[0.406s] -- Found PythonInterp: /usr/bin/python3 (found suitable version "3.8.10", minimum required is "3") 
[0.406s] -- Using PYTHON_EXECUTABLE: /usr/bin/python3
[0.484s] -- Found rclcpp: 2.4.3 (/opt/ros/foxy/share/rclcpp/cmake)
[0.508s] -- Using all available rosidl_typesupport_c: rosidl_typesupport_fastrtps_c;rosidl_typesupport_introspection_c
[0.511s] -- Found rosidl_adapter: 1.3.1 (/opt/ros/foxy/share/rosidl_adapter/cmake)
[0.552s] -- Found OpenSSL: /usr/lib/x86_64-linux-gnu/libcrypto.so (found version "1.1.1f")  
[0.568s] -- Found FastRTPS: /opt/ros/foxy/include  
[0.610s] -- Using all available rosidl_typesupport_cpp: rosidl_typesupport_fastrtps_cpp;rosidl_typesupport_introspection_cpp
[0.640s] -- Found rmw_implementation_cmake: 1.0.4 (/opt/ros/foxy/share/rmw_implementation_cmake/cmake)
[0.641s] -- Using RMW implementation 'rmw_fastrtps_cpp' as default
[0.642s] -- Looking for pthread.h
[0.688s] -- Looking for pthread.h - found
[0.688s] -- Performing Test CMAKE_HAVE_LIBC_PTHREAD
[0.767s] -- Performing Test CMAKE_HAVE_LIBC_PTHREAD - Failed
[0.767s] -- Looking for pthread_create in pthreads
[0.827s] -- Looking for pthread_create in pthreads - not found
[0.828s] -- Looking for pthread_create in pthread
[0.935s] -- Looking for pthread_create in pthread - found
[0.936s] -- Found Threads: TRUE  
[1.018s] -- Found px4_msgs: 2.0.1 (/root/microros_ws/install/px4_msgs/share/px4_msgs/cmake)
[1.028s] -- Found ament_lint_auto: 0.9.8 (/opt/ros/foxy/share/ament_lint_auto/cmake)
[1.068s] -- Added test 'copyright' to check source files copyright and LICENSE
[1.068s] -- Added test 'cppcheck' to perform static code analysis on C / C++ code
[1.068s] -- Configured cppcheck include dirs: 
[1.068s] -- Configured cppcheck exclude dirs and/or files: 
[1.069s] -- Added test 'cpplint' to check C / C++ code against the Google style
[1.069s] -- Configured cpplint exclude dirs and/or files: 
[1.069s] -- Added test 'lint_cmake' to check CMake code style
[1.069s] -- Added test 'uncrustify' to check C / C++ code style
[1.069s] -- Configured uncrustify additional arguments: 
[1.070s] -- Added test 'xmllint' to check XML markup files
[1.071s] -- Configuring done
[1.075s] -- Generating done
[1.075s] -- Build files have been written to: /root/workspace/build/core
[1.079s] Invoked command in '/root/workspace/build/core' returned '0': CMAKE_PREFIX_PATH=${CMAKE_PREFIX_PATH}:/opt/ros/foxy /usr/bin/cmake /root/workspace/src/core -DCMAKE_INSTALL_PREFIX=/root/workspace/install/core
[1.079s] Invoking command in '/root/workspace/build/core': CMAKE_PREFIX_PATH=${CMAKE_PREFIX_PATH}:/opt/ros/foxy /usr/bin/cmake --build /root/workspace/build/core -- -j20 -l20
[1.101s] [35m[1mScanning dependencies of target node[0m
[1.121s] [ 50%] [32mBuilding CXX object CMakeFiles/node.dir/src/offb_node.cpp.o[0m
[1.717s] [01m[K/root/workspace/src/core/src/offb_node.cpp:[m[K In constructor â€˜[01m[KControlNode::ControlNode()[m[Kâ€™:
[1.717s] [01m[K/root/workspace/src/core/src/offb_node.cpp:24:22:[m[K [01;31m[Kerror: [m[Kâ€˜[01m[Knode[m[Kâ€™ was not declared in this scope; did you mean â€˜[01m[KNode[m[Kâ€™?
[1.717s]    24 |         takeoff_cl = [01;31m[Knode[m[K -> create_client<px4_msgs::srv::VehicleCommand>("/fmu/vehicle_command");
[1.717s]       |                      [01;31m[K^~~~[m[K
[1.717s]       |                      [32m[KNode[m[K
[1.717s] [01m[K/root/workspace/src/core/src/offb_node.cpp:24:73:[m[K [01;31m[Kerror: [m[Kexpected primary-expression before â€˜[01m[K>[m[Kâ€™ token
[1.717s]    24 |         takeoff_cl = node -> create_client<px4_msgs::srv::VehicleCommand[01;31m[K>[m[K("/fmu/vehicle_command");
[1.717s]       |                                                                         [01;31m[K^[m[K
[1.717s] [01m[K/root/workspace/src/core/src/offb_node.cpp:27:97:[m[K [01;31m[Kerror: [m[Kexpected primary-expression before â€˜[01m[K>[m[Kâ€™ token
[1.717s]    27 | _position_check = node -> create_subscription<px4_msgs::msg::VehicleGlobalPosition[01;31m[K>[m[K("/fmu/out/vehicle_global_position",qos,
[1.717s]       |                                                                                   [01;31m[K^[m[K
[1.717s] 
[1.717s] [01m[K/root/workspace/src/core/src/offb_node.cpp:27:99:[m[K [01;35m[Kwarning: [m[Kleft operand of comma operator has no effect [[01;35m[K-Wunused-value[m[K]
[1.717s]    27 | osition_check = node -> create_subscription<px4_msgs::msg::VehicleGlobalPosition>([01;35m[K"/fmu/out/vehicle_global_position"[m[K,qos,
[1.717s]       |                                                                                   [01;35m[K^~~~~~~~~~~~~~~~~~~~~~~~~~~~~~~~~~[m[K
[1.717s] 
[1.717s] [01m[K/root/workspace/src/core/src/offb_node.cpp:28:19:[m[K [01;31m[Kerror: [m[Kno matching function for call to â€˜[01m[Kbind()[m[Kâ€™
[1.717s]    28 |         std::bind([01;31m[K)[m[K);
[1.717s]       |                   [01;31m[K^[m[K
[1.717s] In file included from [01m[K/opt/ros/foxy/include/rclcpp/context.hpp:19[m[K,
[1.717s]                  from [01m[K/opt/ros/foxy/include/rclcpp/contexts/default_context.hpp:18[m[K,
[1.717s]                  from [01m[K/opt/ros/foxy/include/rclcpp/executor.hpp:32[m[K,
[1.717s]                  from [01m[K/opt/ros/foxy/include/rclcpp/executors/multi_threaded_executor.hpp:26[m[K,
[1.717s]                  from [01m[K/opt/ros/foxy/include/rclcpp/executors.hpp:21[m[K,
[1.717s]                  from [01m[K/opt/ros/foxy/include/rclcpp/rclcpp.hpp:146[m[K,
[1.717s]                  from [01m[K/root/workspace/src/core/src/offb_node.cpp:2[m[K:
[1.717s] [01m[K/usr/include/c++/9/functional:808:5:[m[K [01;36m[Knote: [m[Kcandidate: â€˜[01m[Ktemplate<class _Func, class ... _BoundArgs> typename std::_Bind_helper<std::__is_socketlike<_Func>::value, _Func, _BoundArgs ...>::type std::bind(_Func&&, _BoundArgs&& ...)[m[Kâ€™
[1.718s]   808 |     [01;36m[Kbind[m[K(_Func&& __f, _BoundArgs&&... __args)
[1.718s]       |     [01;36m[K^~~~[m[K
[1.718s] [01m[K/usr/include/c++/9/functional:808:5:[m[K [01;36m[Knote: [m[K  template argument deduction/substitution failed:
[1.718s] [01m[K/root/workspace/src/core/src/offb_node.cpp:28:19:[m[K [01;36m[Knote: [m[K  candidate expects at least 1 argument, 0 provided
[1.718s]    28 |         std::bind([01;36m[K)[m[K);
[1.718s]       |                   [01;36m[K^[m[K
[1.718s] In file included from [01m[K/opt/ros/foxy/include/rclcpp/context.hpp:19[m[K,
[1.718s]                  from [01m[K/opt/ros/foxy/include/rclcpp/contexts/default_context.hpp:18[m[K,
[1.718s]                  from [01m[K/opt/ros/foxy/include/rclcpp/executor.hpp:32[m[K,
[1.718s]                  from [01m[K/opt/ros/foxy/include/rclcpp/executors/multi_threaded_executor.hpp:26[m[K,
[1.718s]                  from [01m[K/opt/ros/foxy/include/rclcpp/executors.hpp:21[m[K,
[1.718s]                  from [01m[K/opt/ros/foxy/include/rclcpp/rclcpp.hpp:146[m[K,
[1.718s]                  from [01m[K/root/workspace/src/core/src/offb_node.cpp:2[m[K:
[1.718s] [01m[K/usr/include/c++/9/functional:832:5:[m[K [01;36m[Knote: [m[Kcandidate: â€˜[01m[Ktemplate<class _Result, class _Func, class ... _BoundArgs> typename std::_Bindres_helper<_Result, _Func, _BoundArgs>::type std::bind(_Func&&, _BoundArgs&& ...)[m[Kâ€™
[1.718s]   832 |     [01;36m[Kbind[m[K(_Func&& __f, _BoundArgs&&... __args)
[1.718s]       |     [01;36m[K^~~~[m[K
[1.718s] [01m[K/usr/include/c++/9/functional:832:5:[m[K [01;36m[Knote: [m[K  template argument deduction/substitution failed:
[1.718s] [01m[K/root/workspace/src/core/src/offb_node.cpp:28:19:[m[K [01;36m[Knote: [m[K  candidate expects at least 1 argument, 0 provided
[1.718s]    28 |         std::bind([01;36m[K)[m[K);
[1.718s]       |                   [01;36m[K^[m[K
[1.718s] [01m[K/root/workspace/src/core/src/offb_node.cpp:29:71:[m[K [01;31m[Kerror: [m[Kexpected primary-expression before â€˜[01m[K>[m[Kâ€™ token
[1.718s]    29 |         takeoff_srv = node -> create_subscription<std_msgs::msg::Empty[01;31m[K>[m[K("/ddscore/takeoff",qos, );
[1.718s]       |                                                                       [01;31m[K^[m[K
[1.718s] [01m[K/root/workspace/src/core/src/offb_node.cpp:29:73:[m[K [01;35m[Kwarning: [m[Kleft operand of comma operator has no effect [[01;35m[K-Wunused-value[m[K]
[1.718s]    29 |         takeoff_srv = node -> create_subscription<std_msgs::msg::Empty>([01;35m[K"/ddscore/takeoff"[m[K,qos, );
[1.718s]       |                                                                         [01;35m[K^~~~~~~~~~~~~~~~~~[m[K
[1.718s] [01m[K/root/workspace/src/core/src/offb_node.cpp:29:97:[m[K [01;31m[Kerror: [m[Kexpected primary-expression before â€˜[01m[K)[m[Kâ€™ token
[1.718s]    29 |         takeoff_srv = node -> create_subscription<std_msgs::msg::Empty>("/ddscore/takeoff",qos, [01;31m[K)[m[K;
[1.718s]       |                                                                                                 [01;31m[K^[m[K
[1.894s] make[2]: *** [CMakeFiles/node.dir/build.make:63: CMakeFiles/node.dir/src/offb_node.cpp.o] Error 1
[1.894s] make[1]: *** [CMakeFiles/Makefile2:78: CMakeFiles/node.dir/all] Error 2
[1.894s] make: *** [Makefile:141: all] Error 2
[1.895s] Invoked command in '/root/workspace/build/core' returned '2': CMAKE_PREFIX_PATH=${CMAKE_PREFIX_PATH}:/opt/ros/foxy /usr/bin/cmake --build /root/workspace/build/core -- -j20 -l20
