[0.012s] Invoking command in '/root/workspace/build/core': CMAKE_PREFIX_PATH=${CMAKE_PREFIX_PATH}:/opt/ros/foxy /usr/bin/cmake --build /root/workspace/build/core -- -j20 -l20
[0.038s] [35m[1mScanning dependencies of target node[0m
[0.059s] [ 50%] [32mBuilding CXX object CMakeFiles/node.dir/src/offb_node.cpp.o[0m
[0.122s] [01m[K/root/workspace/src/core/src/offb_node.cpp:56:9:[m[K [01;35m[Kwarning: [m[Kmissing terminating " character
[0.122s]    56 |         [01;35m[K"[m[KResult: \n
[0.122s]       |         [01;35m[K^[m[K
[0.122s] [01m[K/root/workspace/src/core/src/offb_node.cpp:58:22:[m[K [01;35m[Kwarning: [m[Kmissing terminating " character
[0.122s]    58 |         Status: %d \n[01;35m[K"[m[K,
[0.122s]       |                      [01;35m[K^[m[K
[0.122s] In file included from [01m[K/opt/ros/foxy/include/rclcpp/client.hpp:40[m[K,
[0.122s]                  from [01m[K/opt/ros/foxy/include/rclcpp/callback_group.hpp:23[m[K,
[0.122s]                  from [01m[K/opt/ros/foxy/include/rclcpp/any_executable.hpp:20[m[K,
[0.122s]                  from [01m[K/opt/ros/foxy/include/rclcpp/memory_strategy.hpp:24[m[K,
[0.123s]                  from [01m[K/opt/ros/foxy/include/rclcpp/memory_strategies.hpp:18[m[K,
[0.123s]                  from [01m[K/opt/ros/foxy/include/rclcpp/executor_options.hpp:20[m[K,
[0.123s]                  from [01m[K/opt/ros/foxy/include/rclcpp/executor.hpp:33[m[K,
[0.123s]                  from [01m[K/opt/ros/foxy/include/rclcpp/executors/multi_threaded_executor.hpp:26[m[K,
[0.123s]                  from [01m[K/opt/ros/foxy/include/rclcpp/executors.hpp:21[m[K,
[0.123s]                  from [01m[K/opt/ros/foxy/include/rclcpp/rclcpp.hpp:146[m[K,
[0.123s]                  from [01m[K/root/workspace/src/core/src/offb_node.cpp:2[m[K:
[0.123s] [01m[K/root/workspace/src/core/src/offb_node.cpp:56:9:[m[K [01;31m[Kerror: [m[Kmissing terminating " character
[0.123s]    56 |         [01;31m[K"Result: \n[m[K
[0.123s]       |         [01;31m[K^~~~~~~~~~~[m[K
[0.123s] [01m[K/root/workspace/src/core/src/offb_node.cpp:57:21:[m[K [01;31m[Kerror: [m[Kstray â€˜[01m[K\[m[Kâ€™ in program
[0.123s]    57 |         Command: %d [01;31m[K\[m[Kn
[0.123s]       |                     [01;31m[K^[m[K
[0.123s] [01m[K/root/workspace/src/core/src/offb_node.cpp:58:20:[m[K [01;31m[Kerror: [m[Kstray â€˜[01m[K\[m[Kâ€™ in program
[0.123s]    58 |         Status: %d [01;31m[K\[m[Kn",
[0.123s]       |                    [01;31m[K^[m[K
[0.123s] [01m[K/root/workspace/src/core/src/offb_node.cpp:58:22:[m[K [01;31m[Kerror: [m[Kmissing terminating " character
[0.123s]    58 |         Status: %d \n[01;31m[K",[m[K
[0.123s]       |                      [01;31m[K^~[m[K
[0.832s] [01m[K/root/workspace/src/core/src/offb_node.cpp:[m[K In member function â€˜[01m[Kvoid ControlNode::cb_srv_command(rclcpp::Client<px4_msgs::srv::VehicleCommand>::SharedFuture)[m[Kâ€™:
[0.832s] [01m[K/root/workspace/src/core/src/offb_node.cpp:57:9:[m[K [01;31m[Kerror: [m[Kâ€˜[01m[KCommand[m[Kâ€™ was not declared in this scope; did you mean â€˜[01m[Kcommand_cl[m[Kâ€™?
[0.832s]    57 |         [01;31m[KCommand[m[K: %d \n
[0.832s]       |         [01;31m[K^~~~~~~[m[K
[0.834s] [01m[K/root/workspace/src/core/src/offb_node.cpp:59:50:[m[K [01;31m[Kerror: [m[Kâ€˜[01m[Kusing element_type = struct px4_msgs::srv::VehicleCommand_Response_<std::allocator<void> >[m[Kâ€™ {aka â€˜[01m[Kstruct px4_msgs::srv::VehicleCommand_Response_<std::allocator<void> >[m[Kâ€™} has no member named â€˜[01m[Kresult[m[Kâ€™
[0.834s]    59 |         future.get() -> command, future.get() -> [01;31m[Kresult[m[K
[0.834s]       |                                                  [01;31m[K^~~~~~[m[K
[2.047s] make[2]: *** [CMakeFiles/node.dir/build.make:63: CMakeFiles/node.dir/src/offb_node.cpp.o] Error 1
[2.047s] make[1]: *** [CMakeFiles/Makefile2:78: CMakeFiles/node.dir/all] Error 2
[2.048s] make: *** [Makefile:141: all] Error 2
[2.049s] Invoked command in '/root/workspace/build/core' returned '2': CMAKE_PREFIX_PATH=${CMAKE_PREFIX_PATH}:/opt/ros/foxy /usr/bin/cmake --build /root/workspace/build/core -- -j20 -l20
