[0.013s] Invoking command in '/root/workspace/build/core': CMAKE_PREFIX_PATH=${CMAKE_PREFIX_PATH}:/opt/ros/foxy /usr/bin/cmake --build /root/workspace/build/core -- -j20 -l20
[0.038s] [35m[1mScanning dependencies of target node[0m
[0.058s] [ 50%] [32mBuilding CXX object CMakeFiles/node.dir/src/offb_node.cpp.o[0m
[0.821s] [01m[K/root/workspace/src/core/src/offb_node.cpp:[m[K In member function â€˜[01m[Kvoid ControlNode::publish_takeoff(std_msgs::msg::Empty_<std::allocator<void> >::SharedPtr)[m[Kâ€™:
[0.821s] [01m[K/root/workspace/src/core/src/offb_node.cpp:73:20:[m[K [01;31m[Kerror: [m[Kreturn-statement with a value, in function returning â€˜[01m[Kvoid[m[Kâ€™ [[01;31m[K-fpermissive[m[K]
[0.821s]    73 |             return [01;31m[K0[m[K;
[0.821s]       |                    [01;31m[K^[m[K
[0.822s] [01m[K/root/workspace/src/core/src/offb_node.cpp:77:19:[m[K [01;31m[Kerror: [m[Kâ€˜[01m[Kclient[m[Kâ€™ was not declared in this scope
[0.822s]    77 |     auto result = [01;31m[Kclient[m[K -> async_send_request(request);
[0.822s]       |                   [01;31m[K^~~~~~[m[K
[1.743s] make[2]: *** [CMakeFiles/node.dir/build.make:63: CMakeFiles/node.dir/src/offb_node.cpp.o] Error 1
[1.743s] make[1]: *** [CMakeFiles/Makefile2:78: CMakeFiles/node.dir/all] Error 2
[1.743s] make: *** [Makefile:141: all] Error 2
[1.744s] Invoked command in '/root/workspace/build/core' returned '2': CMAKE_PREFIX_PATH=${CMAKE_PREFIX_PATH}:/opt/ros/foxy /usr/bin/cmake --build /root/workspace/build/core -- -j20 -l20
