[0.007s] Invoking command in '/root/workspace/build/test_set': CMAKE_PREFIX_PATH=/root/workspace/install/core_msgs:/root/workspace/install/test_set:/root/workspace/install/core:/root/microros_ws/install/px4_ros_com:/root/microros_ws/install/px4_msgs:/root/microros_ws/install/micro_ros_setup:/root/microros_ws/install/micro_ros_agent:/root/microros_ws/install/micro_ros_msgs:/opt/ros/humble /usr/bin/cmake --build /root/workspace/build/test_set -- -j20 -l20
[0.034s] [ 50%] [32mBuilding CXX object CMakeFiles/node.dir/src/test_case.cpp.o[0m
[1.453s] [01m[K/root/workspace/src/test_set/src/test_case.cpp:[m[K In function â€˜[01m[Kint main(int, char**)[m[Kâ€™:
[1.454s] [01m[K/root/workspace/src/test_set/src/test_case.cpp:69:2:[m[K [01;31m[Kerror: [m[Kexpected â€˜[01m[K}[m[Kâ€™ at end of input
[1.454s]    69 | }
[1.454s]       |  [01;31m[K^[m[K
[1.455s] [01m[K/root/workspace/src/test_set/src/test_case.cpp:12:32:[m[K [01;36m[Knote: [m[Kto match this â€˜[01m[K{[m[Kâ€™
[1.455s]    12 | t main(int argc, char **argv)[01;36m[K{[m[K
[1.455s]       |                              [01;36m[K^[m[K
[1.455s] 
[2.228s] gmake[2]: *** [CMakeFiles/node.dir/build.make:76: CMakeFiles/node.dir/src/test_case.cpp.o] Error 1
[2.228s] gmake[1]: *** [CMakeFiles/Makefile2:137: CMakeFiles/node.dir/all] Error 2
[2.228s] gmake: *** [Makefile:146: all] Error 2
[2.229s] Invoked command in '/root/workspace/build/test_set' returned '2': CMAKE_PREFIX_PATH=/root/workspace/install/core_msgs:/root/workspace/install/test_set:/root/workspace/install/core:/root/microros_ws/install/px4_ros_com:/root/microros_ws/install/px4_msgs:/root/microros_ws/install/micro_ros_setup:/root/microros_ws/install/micro_ros_agent:/root/microros_ws/install/micro_ros_msgs:/opt/ros/humble /usr/bin/cmake --build /root/workspace/build/test_set -- -j20 -l20
